# JRE version: Java(TM) SE Runtime Environment (8.0_112-b15) (build 1.8.0_112-b15)
# Java VM: Java HotSpot(TM) 64-Bit Server VM (25.112-b15 mixed mode windows-amd64 compressed oops)
Heap:
 PSYoungGen      total 388096K, used 226440K [0x00000000e0000000, 0x0000000100000000, 0x0000000100000000)
  eden space 251904K, 83% used [0x00000000e0000000,0x00000000eccdd048,0x00000000ef600000)
  from space 136192K, 12% used [0x00000000ef600000,0x00000000f0645220,0x00000000f7b00000)
  to   space 132608K, 0% used [0x00000000f7e80000,0x00000000f7e80000,0x0000000100000000)
 ParOldGen       total 477696K, used 231808K [0x00000000a0000000, 0x00000000bd280000, 0x00000000e0000000)
  object space 477696K, 48% used [0x00000000a0000000,0x00000000ae260098,0x00000000bd280000)
 Metaspace       used 105657K, capacity 109904K, committed 110976K, reserved 1144832K
  class space    used 13834K, capacity 14703K, committed 14976K, reserved 1048576K
GC Heap History (10 events):
Event: 1858.988 GC heap before
{Heap before GC invocations=20 (full 4):
 PSYoungGen      total 423936K, used 423922K [0x00000000e0000000, 0x0000000100000000, 0x0000000100000000)
  eden space 382976K, 100% used [0x00000000e0000000,0x00000000f7600000,0x00000000f7600000)
  from space 40960K, 99% used [0x00000000f7600000,0x00000000f9dfc968,0x00000000f9e00000)
  to   space 50688K, 0% used [0x00000000fce80000,0x00000000fce80000,0x0000000100000000)
 ParOldGen       total 247808K, used 84054K [0x00000000a0000000, 0x00000000af200000, 0x00000000e0000000)
  object space 247808K, 33% used [0x00000000a0000000,0x00000000a5215b30,0x00000000af200000)
 Metaspace       used 104411K, capacity 108838K, committed 109440K, reserved 1144832K
  class space    used 13813K, capacity 14744K, committed 14976K, reserved 1048576K
Event: 1859.099 GC heap after
Heap after GC invocations=20 (full 4):
 PSYoungGen      total 446976K, used 50671K [0x00000000e0000000, 0x0000000100000000, 0x0000000100000000)
  eden space 396288K, 0% used [0x00000000e0000000,0x00000000e0000000,0x00000000f8300000)
  from space 50688K, 99% used [0x00000000fce80000,0x00000000ffffbe80,0x0000000100000000)
  to   space 64000K, 0% used [0x00000000f8300000,0x00000000f8300000,0x00000000fc180000)
 ParOldGen       total 247808K, used 99522K [0x00000000a0000000, 0x00000000af200000, 0x00000000e0000000)
  object space 247808K, 40% used [0x00000000a0000000,0x00000000a6130900,0x00000000af200000)
 Metaspace       used 104411K, capacity 108838K, committed 109440K, reserved 1144832K
  class space    used 13813K, capacity 14744K, committed 14976K, reserved 1048576K
}
Event: 1862.174 GC heap before
{Heap before GC invocations=21 (full 4):
 PSYoungGen      total 446976K, used 446959K [0x00000000e0000000, 0x0000000100000000, 0x0000000100000000)
  eden space 396288K, 100% used [0x00000000e0000000,0x00000000f8300000,0x00000000f8300000)
  from space 50688K, 99% used [0x00000000fce80000,0x00000000ffffbe80,0x0000000100000000)
  to   space 64000K, 0% used [0x00000000f8300000,0x00000000f8300000,0x00000000fc180000)
 ParOldGen       total 247808K, used 99522K [0x00000000a0000000, 0x00000000af200000, 0x00000000e0000000)
  object space 247808K, 40% used [0x00000000a0000000,0x00000000a6130900,0x00000000af200000)
 Metaspace       used 105705K, capacity 110248K, committed 110464K, reserved 1144832K
  class space    used 13891K, capacity 14859K, committed 14976K, reserved 1048576K
Event: 1862.318 GC heap after
Heap after GC invocations=21 (full 4):
 PSYoungGen      total 460288K, used 63999K [0x00000000e0000000, 0x0000000100000000, 0x0000000100000000)
  eden space 396288K, 0% used [0x00000000e0000000,0x00000000e0000000,0x00000000f8300000)
  from space 64000K, 99% used [0x00000000f8300000,0x00000000fc17fe38,0x00000000fc180000)
  to   space 64000K, 0% used [0x00000000fc180000,0x00000000fc180000,0x0000000100000000)
 ParOldGen       total 247808K, used 176392K [0x00000000a0000000, 0x00000000af200000, 0x00000000e0000000)
  object space 247808K, 71% used [0x00000000a0000000,0x00000000aac421e8,0x00000000af200000)
 Metaspace       used 105705K, capacity 110248K, committed 110464K, reserved 1144832K
  class space    used 13891K, capacity 14859K, committed 14976K, reserved 1048576K
}
Event: 1863.719 GC heap before
{Heap before GC invocations=22 (full 4):
 PSYoungGen      total 460288K, used 460287K [0x00000000e0000000, 0x0000000100000000, 0x0000000100000000)
  eden space 396288K, 100% used [0x00000000e0000000,0x00000000f8300000,0x00000000f8300000)
  from space 64000K, 99% used [0x00000000f8300000,0x00000000fc17fe38,0x00000000fc180000)
  to   space 64000K, 0% used [0x00000000fc180000,0x00000000fc180000,0x0000000100000000)
 ParOldGen       total 247808K, used 176392K [0x00000000a0000000, 0x00000000af200000, 0x00000000e0000000)
  object space 247808K, 71% used [0x00000000a0000000,0x00000000aac421e8,0x00000000af200000)
 Metaspace       used 105862K, capacity 110432K, committed 110720K, reserved 1144832K
  class space    used 13901K, capacity 14869K, committed 14976K, reserved 1048576K
Event: 1863.887 GC heap after
Heap after GC invocations=22 (full 4):
 PSYoungGen      total 315904K, used 63995K [0x00000000e0000000, 0x0000000100000000, 0x0000000100000000)
  eden space 251904K, 0% used [0x00000000e0000000,0x00000000e0000000,0x00000000ef600000)
  from space 64000K, 99% used [0x00000000fc180000,0x00000000ffffef30,0x0000000100000000)
  to   space 136192K, 0% used [0x00000000ef600000,0x00000000ef600000,0x00000000f7b00000)
 ParOldGen       total 258048K, used 257671K [0x00000000a0000000, 0x00000000afc00000, 0x00000000e0000000)
  object space 258048K, 99% used [0x00000000a0000000,0x00000000afba1e50,0x00000000afc00000)
 Metaspace       used 105862K, capacity 110432K, committed 110720K, reserved 1144832K
  class space    used 13901K, capacity 14869K, committed 14976K, reserved 1048576K
}
Event: 1863.887 GC heap before
{Heap before GC invocations=23 (full 5):
 PSYoungGen      total 315904K, used 63995K [0x00000000e0000000, 0x0000000100000000, 0x0000000100000000)
  eden space 251904K, 0% used [0x00000000e0000000,0x00000000e0000000,0x00000000ef600000)
  from space 64000K, 99% used [0x00000000fc180000,0x00000000ffffef30,0x0000000100000000)
  to   space 136192K, 0% used [0x00000000ef600000,0x00000000ef600000,0x00000000f7b00000)
 ParOldGen       total 258048K, used 257671K [0x00000000a0000000, 0x00000000afc00000, 0x00000000e0000000)
  object space 258048K, 99% used [0x00000000a0000000,0x00000000afba1e50,0x00000000afc00000)
 Metaspace       used 105862K, capacity 110432K, committed 110720K, reserved 1144832K
  class space    used 13901K, capacity 14869K, committed 14976K, reserved 1048576K
Event: 1865.322 GC heap after
Heap after GC invocations=23 (full 5):
 PSYoungGen      total 315904K, used 0K [0x00000000e0000000, 0x0000000100000000, 0x0000000100000000)
  eden space 251904K, 0% used [0x00000000e0000000,0x00000000e0000000,0x00000000ef600000)
  from space 64000K, 0% used [0x00000000fc180000,0x00000000fc180000,0x0000000100000000)
  to   space 136192K, 0% used [0x00000000ef600000,0x00000000ef600000,0x00000000f7b00000)
 ParOldGen       total 477696K, used 231800K [0x00000000a0000000, 0x00000000bd280000, 0x00000000e0000000)
  object space 477696K, 48% used [0x00000000a0000000,0x00000000ae25e098,0x00000000bd280000)
 Metaspace       used 105441K, capacity 109668K, committed 110720K, reserved 1144832K
  class space    used 13814K, capacity 14693K, committed 14976K, reserved 1048576K
}
Event: 1868.221 GC heap before
{Heap before GC invocations=24 (full 5):
 PSYoungGen      total 315904K, used 251904K [0x00000000e0000000, 0x0000000100000000, 0x0000000100000000)
  eden space 251904K, 100% used [0x00000000e0000000,0x00000000ef600000,0x00000000ef600000)
  from space 64000K, 0% used [0x00000000fc180000,0x00000000fc180000,0x0000000100000000)
  to   space 136192K, 0% used [0x00000000ef600000,0x00000000ef600000,0x00000000f7b00000)
 ParOldGen       total 477696K, used 231800K [0x00000000a0000000, 0x00000000bd280000, 0x00000000e0000000)
  object space 477696K, 48% used [0x00000000a0000000,0x00000000ae25e098,0x00000000bd280000)
 Metaspace       used 105597K, capacity 109840K, committed 110720K, reserved 1144832K
  class space    used 13834K, capacity 14703K, committed 14976K, reserved 1048576K
Event: 1868.252 GC heap after
Heap after GC invocations=24 (full 5):
 PSYoungGen      total 388096K, used 16660K [0x00000000e0000000, 0x0000000100000000, 0x0000000100000000)
  eden space 251904K, 0% used [0x00000000e0000000,0x00000000e0000000,0x00000000ef600000)
  from space 136192K, 12% used [0x00000000ef600000,0x00000000f0645220,0x00000000f7b00000)
  to   space 132608K, 0% used [0x00000000f7e80000,0x00000000f7e80000,0x0000000100000000)
 ParOldGen       total 477696K, used 231808K [0x00000000a0000000, 0x00000000bd280000, 0x00000000e0000000)
  object space 477696K, 48% used [0x00000000a0000000,0x00000000ae260098,0x00000000bd280000)
 Metaspace       used 105597K, capacity 109840K, committed 110720K, reserved 1144832K
  class space    used 13834K, capacity 14703K, committed 14976K, reserved 1048576K
}

