# JRE version: Java(TM) SE Runtime Environment (8.0_112-b15) (build 1.8.0_112-b15)
# Java VM: Java HotSpot(TM) 64-Bit Server VM (25.112-b15 mixed mode windows-amd64 compressed oops)
Heap:
 PSYoungGen      total 370176K, used 70084K [0x00000000e0000000, 0x00000000ff380000, 0x0000000100000000)
  eden space 242176K, 25% used [0x00000000e0000000,0x00000000e3c457a0,0x00000000eec80000)
  from space 128000K, 6% used [0x00000000f7680000,0x00000000f7eab970,0x00000000ff380000)
  to   space 134656K, 0% used [0x00000000eec80000,0x00000000eec80000,0x00000000f7000000)
 ParOldGen       total 540672K, used 267726K [0x00000000a0000000, 0x00000000c1000000, 0x00000000e0000000)
  object space 540672K, 49% used [0x00000000a0000000,0x00000000b0573938,0x00000000c1000000)
 Metaspace       used 94233K, capacity 98252K, committed 98560K, reserved 1134592K
  class space    used 12492K, capacity 13254K, committed 13312K, reserved 1048576K
GC Heap History (10 events):
Event: 176.006 GC heap before
{Heap before GC invocations=40 (full 6):
 PSYoungGen      total 341504K, used 92881K [0x00000000e0000000, 0x0000000100000000, 0x0000000100000000)
  eden space 190976K, 0% used [0x00000000e0000000,0x00000000e0000000,0x00000000eba80000)
  from space 150528K, 61% used [0x00000000f5500000,0x00000000fafb44d8,0x00000000fe800000)
  to   space 158208K, 0% used [0x00000000eba80000,0x00000000eba80000,0x00000000f5500000)
 ParOldGen       total 518144K, used 458645K [0x00000000a0000000, 0x00000000bfa00000, 0x00000000e0000000)
  object space 518144K, 88% used [0x00000000a0000000,0x00000000bbfe57a0,0x00000000bfa00000)
 Metaspace       used 93689K, capacity 97562K, committed 97792K, reserved 1134592K
  class space    used 12469K, capacity 13225K, committed 13312K, reserved 1048576K
Event: 176.909 GC heap after
Heap after GC invocations=40 (full 6):
 PSYoungGen      total 341504K, used 0K [0x00000000e0000000, 0x0000000100000000, 0x0000000100000000)
  eden space 190976K, 0% used [0x00000000e0000000,0x00000000e0000000,0x00000000eba80000)
  from space 150528K, 0% used [0x00000000f5500000,0x00000000f5500000,0x00000000fe800000)
  to   space 158208K, 0% used [0x00000000eba80000,0x00000000eba80000,0x00000000f5500000)
 ParOldGen       total 540672K, used 207587K [0x00000000a0000000, 0x00000000c1000000, 0x00000000e0000000)
  object space 540672K, 38% used [0x00000000a0000000,0x00000000acab8c58,0x00000000c1000000)
 Metaspace       used 93689K, capacity 97562K, committed 97792K, reserved 1134592K
  class space    used 12469K, capacity 13225K, committed 13312K, reserved 1048576K
}
Event: 178.662 GC heap before
{Heap before GC invocations=41 (full 6):
 PSYoungGen      total 341504K, used 190147K [0x00000000e0000000, 0x0000000100000000, 0x0000000100000000)
  eden space 190976K, 99% used [0x00000000e0000000,0x00000000eb9b0cf8,0x00000000eba80000)
  from space 150528K, 0% used [0x00000000f5500000,0x00000000f5500000,0x00000000fe800000)
  to   space 158208K, 0% used [0x00000000eba80000,0x00000000eba80000,0x00000000f5500000)
 ParOldGen       total 540672K, used 207587K [0x00000000a0000000, 0x00000000c1000000, 0x00000000e0000000)
  object space 540672K, 38% used [0x00000000a0000000,0x00000000acab8c58,0x00000000c1000000)
 Metaspace       used 93705K, capacity 97626K, committed 97792K, reserved 1134592K
  class space    used 12470K, capacity 13225K, committed 13312K, reserved 1048576K
Event: 178.716 GC heap after
Heap after GC invocations=41 (full 6):
 PSYoungGen      total 349184K, used 56845K [0x00000000e0000000, 0x00000000ff880000, 0x0000000100000000)
  eden space 190976K, 0% used [0x00000000e0000000,0x00000000e0000000,0x00000000eba80000)
  from space 158208K, 35% used [0x00000000eba80000,0x00000000ef2036c8,0x00000000f5500000)
  to   space 150528K, 0% used [0x00000000f6580000,0x00000000f6580000,0x00000000ff880000)
 ParOldGen       total 540672K, used 207587K [0x00000000a0000000, 0x00000000c1000000, 0x00000000e0000000)
  object space 540672K, 38% used [0x00000000a0000000,0x00000000acab8c58,0x00000000c1000000)
 Metaspace       used 93705K, capacity 97626K, committed 97792K, reserved 1134592K
  class space    used 12470K, capacity 13225K, committed 13312K, reserved 1048576K
}
Event: 180.464 GC heap before
{Heap before GC invocations=42 (full 6):
 PSYoungGen      total 349184K, used 247821K [0x00000000e0000000, 0x00000000ff880000, 0x0000000100000000)
  eden space 190976K, 100% used [0x00000000e0000000,0x00000000eba80000,0x00000000eba80000)
  from space 158208K, 35% used [0x00000000eba80000,0x00000000ef2036c8,0x00000000f5500000)
  to   space 150528K, 0% used [0x00000000f6580000,0x00000000f6580000,0x00000000ff880000)
 ParOldGen       total 540672K, used 207587K [0x00000000a0000000, 0x00000000c1000000, 0x00000000e0000000)
  object space 540672K, 38% used [0x00000000a0000000,0x00000000acab8c58,0x00000000c1000000)
 Metaspace       used 93707K, capacity 97626K, committed 97792K, reserved 1134592K
  class space    used 12470K, capacity 13225K, committed 13312K, reserved 1048576K
Event: 180.572 GC heap after
Heap after GC invocations=42 (full 6):
 PSYoungGen      total 349696K, used 36495K [0x00000000e0000000, 0x00000000fe880000, 0x0000000100000000)
  eden space 215552K, 0% used [0x00000000e0000000,0x00000000e0000000,0x00000000ed280000)
  from space 134144K, 27% used [0x00000000f6580000,0x00000000f8923e80,0x00000000fe880000)
  to   space 142336K, 0% used [0x00000000ed280000,0x00000000ed280000,0x00000000f5d80000)
 ParOldGen       total 540672K, used 261118K [0x00000000a0000000, 0x00000000c1000000, 0x00000000e0000000)
  object space 540672K, 48% used [0x00000000a0000000,0x00000000afeffa60,0x00000000c1000000)
 Metaspace       used 93707K, capacity 97626K, committed 97792K, reserved 1134592K
  class space    used 12470K, capacity 13225K, committed 13312K, reserved 1048576K
}
Event: 287.399 GC heap before
{Heap before GC invocations=43 (full 6):
 PSYoungGen      total 349696K, used 252047K [0x00000000e0000000, 0x00000000fe880000, 0x0000000100000000)
  eden space 215552K, 100% used [0x00000000e0000000,0x00000000ed280000,0x00000000ed280000)
  from space 134144K, 27% used [0x00000000f6580000,0x00000000f8923e80,0x00000000fe880000)
  to   space 142336K, 0% used [0x00000000ed280000,0x00000000ed280000,0x00000000f5d80000)
 ParOldGen       total 540672K, used 261118K [0x00000000a0000000, 0x00000000c1000000, 0x00000000e0000000)
  object space 540672K, 48% used [0x00000000a0000000,0x00000000afeffa60,0x00000000c1000000)
 Metaspace       used 94056K, capacity 98000K, committed 98304K, reserved 1134592K
  class space    used 12484K, capacity 13244K, committed 13312K, reserved 1048576K
Event: 287.428 GC heap after
Heap after GC invocations=43 (full 6):
 PSYoungGen      total 357888K, used 21260K [0x00000000e0000000, 0x00000000ffd00000, 0x0000000100000000)
  eden space 215552K, 0% used [0x00000000e0000000,0x00000000e0000000,0x00000000ed280000)
  from space 142336K, 14% used [0x00000000ed280000,0x00000000ee743310,0x00000000f5d80000)
  to   space 137728K, 0% used [0x00000000f7680000,0x00000000f7680000,0x00000000ffd00000)
 ParOldGen       total 540672K, used 263231K [0x00000000a0000000, 0x00000000c1000000, 0x00000000e0000000)
  object space 540672K, 48% used [0x00000000a0000000,0x00000000b010ff40,0x00000000c1000000)
 Metaspace       used 94056K, capacity 98000K, committed 98304K, reserved 1134592K
  class space    used 12484K, capacity 13244K, committed 13312K, reserved 1048576K
}
Event: 294.579 GC heap before
{Heap before GC invocations=44 (full 6):
 PSYoungGen      total 357888K, used 236812K [0x00000000e0000000, 0x00000000ffd00000, 0x0000000100000000)
  eden space 215552K, 100% used [0x00000000e0000000,0x00000000ed280000,0x00000000ed280000)
  from space 142336K, 14% used [0x00000000ed280000,0x00000000ee743310,0x00000000f5d80000)
  to   space 137728K, 0% used [0x00000000f7680000,0x00000000f7680000,0x00000000ffd00000)
 ParOldGen       total 540672K, used 263231K [0x00000000a0000000, 0x00000000c1000000, 0x00000000e0000000)
  object space 540672K, 48% used [0x00000000a0000000,0x00000000b010ff40,0x00000000c1000000)
 Metaspace       used 94210K, capacity 98188K, committed 98304K, reserved 1134592K
  class space    used 12490K, capacity 13254K, committed 13312K, reserved 1048576K
Event: 294.597 GC heap after
Heap after GC invocations=44 (full 6):
 PSYoungGen      total 370176K, used 8366K [0x00000000e0000000, 0x00000000ff380000, 0x0000000100000000)
  eden space 242176K, 0% used [0x00000000e0000000,0x00000000e0000000,0x00000000eec80000)
  from space 128000K, 6% used [0x00000000f7680000,0x00000000f7eab970,0x00000000ff380000)
  to   space 134656K, 0% used [0x00000000eec80000,0x00000000eec80000,0x00000000f7000000)
 ParOldGen       total 540672K, used 267726K [0x00000000a0000000, 0x00000000c1000000, 0x00000000e0000000)
  object space 540672K, 49% used [0x00000000a0000000,0x00000000b0573938,0x00000000c1000000)
 Metaspace       used 94210K, capacity 98188K, committed 98304K, reserved 1134592K
  class space    used 12490K, capacity 13254K, committed 13312K, reserved 1048576K
}

